<?xml version="1.0" encoding="UTF-8" ?>
<testsuite tests="10" failures="10" name="com.wanyos.bd.ConexionTest" time="1.694" errors="0" skipped="0">
  <properties>
[...]
</properties>
  <testcase classname="com.wanyos.bd.ConexionTest" name="com.wanyos.bd.ConexionTest.testGetNombresTablas" time="0.827">
    <failure message="expected: &lt;null&gt; but was: &lt;[]&gt;" type="org.opentest4j.AssertionFailedError">org.opentest4j.AssertionFailedError: expected: &lt;null&gt; but was: &lt;[]&gt;
	at org.junit.jupiter.api.AssertionUtils.fail(AssertionUtils.java:55)
	at org.junit.jupiter.api.AssertionUtils.failNotEqual(AssertionUtils.java:62)
	at org.junit.jupiter.api.AssertEquals.assertEquals(AssertEquals.java:182)
	at org.junit.jupiter.api.AssertEquals.assertEquals(AssertEquals.java:177)
	at org.junit.jupiter.api.Assertions.assertEquals(Assertions.java:1124)
	at com.wanyos.bd.ConexionTest.testGetNombresTablas(ConexionTest.java:131)
</failure>
    <system-out>getNombresTablas
You have an error in your SQL syntax; check the manual that corresponds to your MariaDB server version for the right syntax to use near &apos;&apos; at line 1
</system-out>
  </testcase>
  <testcase classname="com.wanyos.bd.ConexionTest" name="com.wanyos.bd.ConexionTest.testGetConexionBd" time="0.004">
    <failure message="expected: &lt;null&gt; but was: &lt;com.mysql.cj.jdbc.ConnectionImpl@6ca8564a&gt;" type="org.opentest4j.AssertionFailedError">org.opentest4j.AssertionFailedError: expected: &lt;null&gt; but was: &lt;com.mysql.cj.jdbc.ConnectionImpl@6ca8564a&gt;
	at org.junit.jupiter.api.AssertionUtils.fail(AssertionUtils.java:55)
	at org.junit.jupiter.api.AssertionUtils.failNotEqual(AssertionUtils.java:62)
	at org.junit.jupiter.api.AssertEquals.assertEquals(AssertEquals.java:182)
	at org.junit.jupiter.api.AssertEquals.assertEquals(AssertEquals.java:177)
	at org.junit.jupiter.api.Assertions.assertEquals(Assertions.java:1124)
	at com.wanyos.bd.ConexionTest.testGetConexionBd(ConexionTest.java:32)
</failure>
    <system-out>getConexionBd
</system-out>
  </testcase>
  <testcase classname="com.wanyos.bd.ConexionTest" name="com.wanyos.bd.ConexionTest.testGetConexionMysql" time="0.005">
    <failure message="expected: &lt;null&gt; but was: &lt;com.mysql.cj.jdbc.ConnectionImpl@1725dc0f&gt;" type="org.opentest4j.AssertionFailedError">org.opentest4j.AssertionFailedError: expected: &lt;null&gt; but was: &lt;com.mysql.cj.jdbc.ConnectionImpl@1725dc0f&gt;
	at org.junit.jupiter.api.AssertionUtils.fail(AssertionUtils.java:55)
	at org.junit.jupiter.api.AssertionUtils.failNotEqual(AssertionUtils.java:62)
	at org.junit.jupiter.api.AssertEquals.assertEquals(AssertEquals.java:182)
	at org.junit.jupiter.api.AssertEquals.assertEquals(AssertEquals.java:177)
	at org.junit.jupiter.api.Assertions.assertEquals(Assertions.java:1124)
	at com.wanyos.bd.ConexionTest.testGetConexionMysql(ConexionTest.java:45)
</failure>
    <system-out>getConexionMysql
</system-out>
  </testcase>
  <testcase classname="com.wanyos.bd.ConexionTest" name="com.wanyos.bd.ConexionTest.testStopServer" time="0.01">
    <failure message="The test case is a prototype." type="org.opentest4j.AssertionFailedError">org.opentest4j.AssertionFailedError: The test case is a prototype.
	at org.junit.jupiter.api.AssertionUtils.fail(AssertionUtils.java:39)
	at org.junit.jupiter.api.Assertions.fail(Assertions.java:109)
	at com.wanyos.bd.ConexionTest.testStopServer(ConexionTest.java:152)
</failure>
    <system-out>stopServer
</system-out>
  </testcase>
  <testcase classname="com.wanyos.bd.ConexionTest" name="com.wanyos.bd.ConexionTest.testDeleteTable" time="0.024">
    <failure message="expected: &lt;&gt; but was: &lt;La tabla  no se ha eliminado de ...You have an error in your SQL syntax; check the manual that corresponds to your MariaDB server version for the right syntax to use near &apos;&apos; at line 1&gt;" type="org.opentest4j.AssertionFailedError">org.opentest4j.AssertionFailedError: expected: &lt;&gt; but was: &lt;La tabla  no se ha eliminado de ...You have an error in your SQL syntax; check the manual that corresponds to your MariaDB server version for the right syntax to use near &apos;&apos; at line 1&gt;
	at org.junit.jupiter.api.AssertionUtils.fail(AssertionUtils.java:55)
	at org.junit.jupiter.api.AssertionUtils.failNotEqual(AssertionUtils.java:62)
	at org.junit.jupiter.api.AssertEquals.assertEquals(AssertEquals.java:182)
	at org.junit.jupiter.api.AssertEquals.assertEquals(AssertEquals.java:177)
	at org.junit.jupiter.api.Assertions.assertEquals(Assertions.java:1124)
	at com.wanyos.bd.ConexionTest.testDeleteTable(ConexionTest.java:117)
</failure>
    <system-out>deleteTable
</system-out>
  </testcase>
  <testcase classname="com.wanyos.bd.ConexionTest" name="com.wanyos.bd.ConexionTest.testInitServer" time="0.01">
    <failure message="The test case is a prototype." type="org.opentest4j.AssertionFailedError">org.opentest4j.AssertionFailedError: The test case is a prototype.
	at org.junit.jupiter.api.AssertionUtils.fail(AssertionUtils.java:39)
	at org.junit.jupiter.api.Assertions.fail(Assertions.java:109)
	at com.wanyos.bd.ConexionTest.testInitServer(ConexionTest.java:142)
</failure>
    <system-out>initServer
</system-out>
  </testcase>
  <testcase classname="com.wanyos.bd.ConexionTest" name="com.wanyos.bd.ConexionTest.testCreateBd" time="0.012">
    <failure message="expected: &lt;&gt; but was: &lt;Error base datos:  no se ha creado... &gt;" type="org.opentest4j.AssertionFailedError">org.opentest4j.AssertionFailedError: expected: &lt;&gt; but was: &lt;Error base datos:  no se ha creado... &gt;
	at org.junit.jupiter.api.AssertionUtils.fail(AssertionUtils.java:55)
	at org.junit.jupiter.api.AssertionUtils.failNotEqual(AssertionUtils.java:62)
	at org.junit.jupiter.api.AssertEquals.assertEquals(AssertEquals.java:182)
	at org.junit.jupiter.api.AssertEquals.assertEquals(AssertEquals.java:177)
	at org.junit.jupiter.api.Assertions.assertEquals(Assertions.java:1124)
	at com.wanyos.bd.ConexionTest.testCreateBd(ConexionTest.java:59)
</failure>
    <system-out>createBd
</system-out>
  </testcase>
  <testcase classname="com.wanyos.bd.ConexionTest" name="com.wanyos.bd.ConexionTest.testCreateTable" time="0.006">
    <failure message="expected: &lt;&gt; but was: &lt;Error la tabla  no se ha creado en ...You have an error in your SQL syntax; check the manual that corresponds to your MariaDB server version for the right syntax to use near &apos;()&apos; at line 1&gt;" type="org.opentest4j.AssertionFailedError">org.opentest4j.AssertionFailedError: expected: &lt;&gt; but was: &lt;Error la tabla  no se ha creado en ...You have an error in your SQL syntax; check the manual that corresponds to your MariaDB server version for the right syntax to use near &apos;()&apos; at line 1&gt;
	at org.junit.jupiter.api.AssertionUtils.fail(AssertionUtils.java:55)
	at org.junit.jupiter.api.AssertionUtils.failNotEqual(AssertionUtils.java:62)
	at org.junit.jupiter.api.AssertEquals.assertEquals(AssertEquals.java:182)
	at org.junit.jupiter.api.AssertEquals.assertEquals(AssertEquals.java:177)
	at org.junit.jupiter.api.Assertions.assertEquals(Assertions.java:1124)
	at com.wanyos.bd.ConexionTest.testCreateTable(ConexionTest.java:102)
</failure>
    <system-out>createTable
</system-out>
  </testcase>
  <testcase classname="com.wanyos.bd.ConexionTest" name="com.wanyos.bd.ConexionTest.testGetNombresBd" time="0.671">
    <failure message="expected: &lt;null&gt; but was: &lt;[cuadros_marzo2019, dias_generados_emt, information_schema, mysql, performance_schema, phpmyadmin, proyecto_jsp, prueba, total_servicios, usuarios]&gt;" type="org.opentest4j.AssertionFailedError">org.opentest4j.AssertionFailedError: expected: &lt;null&gt; but was: &lt;[cuadros_marzo2019, dias_generados_emt, information_schema, mysql, performance_schema, phpmyadmin, proyecto_jsp, prueba, total_servicios, usuarios]&gt;
	at org.junit.jupiter.api.AssertionUtils.fail(AssertionUtils.java:55)
	at org.junit.jupiter.api.AssertionUtils.failNotEqual(AssertionUtils.java:62)
	at org.junit.jupiter.api.AssertEquals.assertEquals(AssertEquals.java:182)
	at org.junit.jupiter.api.AssertEquals.assertEquals(AssertEquals.java:177)
	at org.junit.jupiter.api.Assertions.assertEquals(Assertions.java:1124)
	at com.wanyos.bd.ConexionTest.testGetNombresBd(ConexionTest.java:86)
</failure>
    <system-out>getNombresBd
</system-out>
  </testcase>
  <testcase classname="com.wanyos.bd.ConexionTest" name="com.wanyos.bd.ConexionTest.testDeleteeBd" time="0.125">
    <failure type="java.lang.NullPointerException">java.lang.NullPointerException
	at com.wanyos.bd.Conexion.deleteeBd(Conexion.java:85)
	at com.wanyos.bd.ConexionTest.testDeleteeBd(ConexionTest.java:72)
</failure>
    <system-out>deleteeBd
</system-out>
    <system-err>sep 05, 2020 9:41:42 PM com.wanyos.bd.Conexion getConexionMysql
GRAVE: null
com.mysql.cj.jdbc.exceptions.CommunicationsException: Communications link failure

The last packet sent successfully to the server was 0 milliseconds ago. The driver has not received any packets from the server.
	at com.mysql.cj.jdbc.exceptions.SQLError.createCommunicationsException(SQLError.java:174)
	at com.mysql.cj.jdbc.exceptions.SQLExceptionsMapping.translateException(SQLExceptionsMapping.java:64)
	at com.mysql.cj.jdbc.ConnectionImpl.createNewIO(ConnectionImpl.java:836)
	at com.mysql.cj.jdbc.ConnectionImpl.&lt;init&gt;(ConnectionImpl.java:456)
	at com.mysql.cj.jdbc.ConnectionImpl.getInstance(ConnectionImpl.java:246)
	at com.mysql.cj.jdbc.NonRegisteringDriver.connect(NonRegisteringDriver.java:197)
	at java.sql.DriverManager.getConnection(DriverManager.java:664)
	at java.sql.DriverManager.getConnection(DriverManager.java:247)
	at com.wanyos.bd.Conexion.getConexionMysql(Conexion.java:37)
	at com.wanyos.bd.Conexion.deleteeBd(Conexion.java:76)
	at com.wanyos.bd.ConexionTest.testDeleteeBd(ConexionTest.java:72)
	at sun.reflect.NativeMethodAccessorImpl.invoke0(Native Method)
	at sun.reflect.NativeMethodAccessorImpl.invoke(NativeMethodAccessorImpl.java:62)
	at sun.reflect.DelegatingMethodAccessorImpl.invoke(DelegatingMethodAccessorImpl.java:43)
	at java.lang.reflect.Method.invoke(Method.java:498)
	at org.apache.maven.surefire.junit.PojoTestSet.executeTestMethod(PojoTestSet.java:151)
	at org.apache.maven.surefire.junit.PojoTestSet.executeTestMethods(PojoTestSet.java:102)
	at org.apache.maven.surefire.junit.PojoTestSet.execute(PojoTestSet.java:83)
	at org.apache.maven.surefire.junit.JUnit3Provider.executeTestSet(JUnit3Provider.java:121)
	at org.apache.maven.surefire.junit.JUnit3Provider.invoke(JUnit3Provider.java:98)
	at sun.reflect.NativeMethodAccessorImpl.invoke0(Native Method)
	at sun.reflect.NativeMethodAccessorImpl.invoke(NativeMethodAccessorImpl.java:62)
	at sun.reflect.DelegatingMethodAccessorImpl.invoke(DelegatingMethodAccessorImpl.java:43)
	at java.lang.reflect.Method.invoke(Method.java:498)
	at org.apache.maven.surefire.util.ReflectionUtils.invokeMethodWithArray(ReflectionUtils.java:189)
	at org.apache.maven.surefire.booter.ProviderFactory$ProviderProxy.invoke(ProviderFactory.java:165)
	at org.apache.maven.surefire.booter.ProviderFactory.invokeProvider(ProviderFactory.java:85)
	at org.apache.maven.surefire.booter.ForkedBooter.runSuitesInProcess(ForkedBooter.java:115)
	at org.apache.maven.surefire.booter.ForkedBooter.main(ForkedBooter.java:75)
Caused by: com.mysql.cj.exceptions.CJCommunicationsException: Communications link failure

The last packet sent successfully to the server was 0 milliseconds ago. The driver has not received any packets from the server.
	at sun.reflect.NativeConstructorAccessorImpl.newInstance0(Native Method)
	at sun.reflect.NativeConstructorAccessorImpl.newInstance(NativeConstructorAccessorImpl.java:62)
	at sun.reflect.DelegatingConstructorAccessorImpl.newInstance(DelegatingConstructorAccessorImpl.java:45)
	at java.lang.reflect.Constructor.newInstance(Constructor.java:423)
	at com.mysql.cj.exceptions.ExceptionFactory.createException(ExceptionFactory.java:61)
	at com.mysql.cj.exceptions.ExceptionFactory.createException(ExceptionFactory.java:105)
	at com.mysql.cj.exceptions.ExceptionFactory.createException(ExceptionFactory.java:151)
	at com.mysql.cj.exceptions.ExceptionFactory.createCommunicationsException(ExceptionFactory.java:167)
	at com.mysql.cj.protocol.a.NativeProtocol.readMessage(NativeProtocol.java:538)
	at com.mysql.cj.protocol.a.NativeProtocol.readServerCapabilities(NativeProtocol.java:490)
	at com.mysql.cj.protocol.a.NativeProtocol.beforeHandshake(NativeProtocol.java:377)
	at com.mysql.cj.protocol.a.NativeProtocol.connect(NativeProtocol.java:1340)
	at com.mysql.cj.NativeSession.connect(NativeSession.java:157)
	at com.mysql.cj.jdbc.ConnectionImpl.connectOneTryOnly(ConnectionImpl.java:956)
	at com.mysql.cj.jdbc.ConnectionImpl.createNewIO(ConnectionImpl.java:826)
	... 26 more
Caused by: java.net.SocketException: Connection reset
	at java.net.SocketInputStream.read(SocketInputStream.java:210)
	at java.net.SocketInputStream.read(SocketInputStream.java:141)
	at com.mysql.cj.protocol.ReadAheadInputStream.fill(ReadAheadInputStream.java:107)
	at com.mysql.cj.protocol.ReadAheadInputStream.readFromUnderlyingStreamIfNecessary(ReadAheadInputStream.java:150)
	at com.mysql.cj.protocol.ReadAheadInputStream.read(ReadAheadInputStream.java:180)
	at java.io.FilterInputStream.read(FilterInputStream.java:133)
	at com.mysql.cj.protocol.FullReadInputStream.readFully(FullReadInputStream.java:64)
	at com.mysql.cj.protocol.a.SimplePacketReader.readHeader(SimplePacketReader.java:63)
	at com.mysql.cj.protocol.a.SimplePacketReader.readHeader(SimplePacketReader.java:45)
	at com.mysql.cj.protocol.a.NativeProtocol.readMessage(NativeProtocol.java:532)
	... 32 more

</system-err>
  </testcase>
</testsuite>